Removed Pin From Net: NetName=GND Pin=Q1-2
Removed Pin From Net: NetName=VBUS_EN Pin=Q1-3
Removed Pin From Net: NetName=GND Pin=Q2-2
Removed Pin From Net: NetName=VIN_EN Pin=Q2-3
Removed Pin From Net: NetName=VBUS_EN Pin=R1-1
Removed Pin From Net: NetName=VBUS Pin=R1-2
Removed Pin From Net: NetName=GND Pin=R3-1
Removed Pin From Net: NetName=VBUS_EN Pin=R3-2
Removed Pin From Net: NetName=VIN_EN Pin=R4-1
Removed Pin From Net: NetName=VIN Pin=R4-2
Removed Pin From Net: NetName=GND Pin=R6-1
Removed Pin From Net: NetName=VIN_EN Pin=R6-2
Removed Pin From Net: NetName=GND Pin=SW3-2
Removed Pin From Net: NetName=NetJ3_6 Pin=SW3-4
Removed Member From Class: ClassName=Power Member=Q1
Removed Member From Class: ClassName=Power Member=Q2
Removed Member From Class: ClassName=Power Member=R1
Removed Member From Class: ClassName=Power Member=R3
Removed Member From Class: ClassName=Power Member=R4
Removed Member From Class: ClassName=Power Member=R6
Removed Member From Class: ClassName=Power Member=SW3
Added Pin To Net: NetName=NetR2_1 Pin=R2-1
Added Pin To Net: NetName=NetR2_1 Pin=SW1-1
Added Net: Name=NetR2_1
Added Pin To Net: NetName=NetR5_1 Pin=R5-1
Added Pin To Net: NetName=NetR5_1 Pin=SW1-3
Added Net: Name=NetR5_1
Added Member To Class: ClassName=Power Member=Component SW2 OS102011MS2QN1
